{"D:\\02-laptop\\01-skills\\03-server\\19-nodejs-testing-tutorial\\01-jest\\02-setup\\02-jest-setup\\src\\index.ts": {"path":"D:\\02-laptop\\01-skills\\03-server\\19-nodejs-testing-tutorial\\01-jest\\02-setup\\02-jest-setup\\src\\index.ts","statementMap":{"0":{"start":{"line":1,"column":14},"end":{"line":1,"column":27}},"1":{"start":{"line":4,"column":0},"end":{"line":4,"column":21}},"2":{"start":{"line":6,"column":12},"end":{"line":6,"column":51}},"3":{"start":{"line":6,"column":46},"end":{"line":6,"column":51}},"4":{"start":{"line":7,"column":9},"end":{"line":7,"column":12}}},"fnMap":{"0":{"name":"(anonymous_0)","decl":{"start":{"line":6,"column":12},"end":{"line":6,"column":13}},"loc":{"start":{"line":6,"column":46},"end":{"line":6,"column":51}}}},"branchMap":{},"s":{"0":2,"1":2,"2":2,"3":2,"4":2},"f":{"0":2},"b":{}}
}
